/home/swendart/Documents/Dev/encoreToOml-seed/oml-eds/build/owl/example.com/eds-oml/description/bundle/properties.ttl
/home/swendart/Documents/Dev/encoreToOml-seed/oml-eds/build/owl/purl.org/dc/elements/1.1.owl
/home/swendart/Documents/Dev/encoreToOml-seed/oml-eds/build/owl/example.com/eds-oml/description/bundle.owl
/home/swendart/Documents/Dev/encoreToOml-seed/oml-eds/build/owl/example.com/project/vocabulary/Package.owl
/home/swendart/Documents/Dev/encoreToOml-seed/oml-eds/build/owl/example.com/eds-oml/description/bundle/classes.ttl
/home/swendart/Documents/Dev/encoreToOml-seed/oml-eds/build/owl/example.com/eds-oml/vocabulary/Relations.owl
/home/swendart/Documents/Dev/encoreToOml-seed/oml-eds/build/owl/example.com/project/vocabulary/Component.owl
/home/swendart/Documents/Dev/encoreToOml-seed/oml-eds/build/owl/example.com/project/test.owl
/home/swendart/Documents/Dev/encoreToOml-seed/oml-eds/build/owl/example.com/project/vocabulary/Concept.owl
/home/swendart/Documents/Dev/encoreToOml-seed/oml-eds/build/owl/example.com/project/vocabulary/Relations.owl
/home/swendart/Documents/Dev/encoreToOml-seed/oml-eds/build/owl/example.com/eds-oml/vocabulary/StateMachine.owl
/home/swendart/Documents/Dev/encoreToOml-seed/oml-eds/build/owl/example.com/project/vocabulary/DataType.owl
/home/swendart/Documents/Dev/encoreToOml-seed/oml-eds/build/owl/example.com/project/vocabulary/StateMachine.owl
/home/swendart/Documents/Dev/encoreToOml-seed/oml-eds/build/owl/example.com/eds-oml/description/datasheet.owl
/home/swendart/Documents/Dev/encoreToOml-seed/oml-eds/build/owl/example.com/eds-oml/vocabulary/Component.owl
/home/swendart/Documents/Dev/encoreToOml-seed/oml-eds/build/owl/example.com/project/description/bundle/classes.ttl
/home/swendart/Documents/Dev/encoreToOml-seed/oml-eds/build/owl/example.com/eds-oml/description/bundle/individuals.ttl
/home/swendart/Documents/Dev/encoreToOml-seed/oml-eds/build/owl/example.com/eds-oml/vocabulary/Interface.owl
/home/swendart/Documents/Dev/encoreToOml-seed/oml-eds/build/owl/example.com/project/description/bundle/individuals.ttl
/home/swendart/Documents/Dev/encoreToOml-seed/oml-eds/build/owl/example.com/eds-oml/vocabulary/Package.owl
/home/swendart/Documents/Dev/encoreToOml-seed/oml-eds/build/owl/example.com/project/description/bundle.owl
/home/swendart/Documents/Dev/encoreToOml-seed/oml-eds/build/owl/example.com/eds-oml/test.owl
/home/swendart/Documents/Dev/encoreToOml-seed/oml-eds/build/owl/example.com/project/vocabulary/Interface.owl
/home/swendart/Documents/Dev/encoreToOml-seed/oml-eds/build/owl/example.com/eds-oml/vocabulary/DataType.owl
/home/swendart/Documents/Dev/encoreToOml-seed/oml-eds/build/owl/example.com/project/description/test2.owl
/home/swendart/Documents/Dev/encoreToOml-seed/oml-eds/build/owl/example.com/project/vocabulary/datasheet-bundle.owl
/home/swendart/Documents/Dev/encoreToOml-seed/oml-eds/build/owl/example.com/eds-oml/vocabulary/Concept.owl
/home/swendart/Documents/Dev/encoreToOml-seed/oml-eds/build/owl/example.com/project/description/structure.owl
/home/swendart/Documents/Dev/encoreToOml-seed/oml-eds/build/owl/example.com/project/vocabulary/Activity.owl
/home/swendart/Documents/Dev/encoreToOml-seed/oml-eds/build/owl/example.com/project/description/datasheet.owl
/home/swendart/Documents/Dev/encoreToOml-seed/oml-eds/build/owl/example.com/project/description/bundle/properties.ttl
/home/swendart/Documents/Dev/encoreToOml-seed/oml-eds/build/owl/example.com/project/vocabulary/Metadata.owl
/home/swendart/Documents/Dev/encoreToOml-seed/oml-eds/build/owl/example.com/eds-oml/vocabulary/Activity.owl
/home/swendart/Documents/Dev/encoreToOml-seed/oml-eds/build/owl/example.com/eds-oml/vocabulary/Metadata.owl
/home/swendart/Documents/Dev/encoreToOml-seed/oml-eds/build/owl/example.com/eds-oml/vocabulary/datasheet-bundle.owl
